

Started GET "/" for 127.0.0.1 at 2014-05-03 16:28:23 -0700
Processing by Rails::WelcomeController#index as HTML
  Rendered /Users/sagarwal/.rvm/gems/ruby-2.1.1/gems/railties-4.1.0/lib/rails/templates/rails/welcome/index.html.erb (2.0ms)
Completed 200 OK in 19ms (Views: 9.5ms | ActiveRecord: 0.0ms)
  [1m[36m (3.4ms)[0m  [1mCREATE TABLE "schema_migrations" ("version" varchar(255) NOT NULL) [0m
  [1m[35m (0.1ms)[0m  select sqlite_version(*)
  [1m[36m (3.7ms)[0m  [1mCREATE UNIQUE INDEX "unique_schema_migrations" ON "schema_migrations" ("version")[0m
  [1m[35mActiveRecord::SchemaMigration Load (0.5ms)[0m  SELECT "schema_migrations".* FROM "schema_migrations"
Migrating to CreateArticles (20140503232924)
  [1m[36m (0.1ms)[0m  [1mbegin transaction[0m
  [1m[35m (0.5ms)[0m  CREATE TABLE "articles" ("id" INTEGER PRIMARY KEY AUTOINCREMENT NOT NULL, "title" varchar(255), "body" text, "created_at" datetime, "updated_at" datetime) 
  [1m[36mSQL (0.2ms)[0m  [1mINSERT INTO "schema_migrations" ("version") VALUES (?)[0m  [["version", "20140503232924"]]
  [1m[35m (2.9ms)[0m  commit transaction
  [1m[36mActiveRecord::SchemaMigration Load (0.1ms)[0m  [1mSELECT "schema_migrations".* FROM "schema_migrations"[0m
  [1m[36mActiveRecord::SchemaMigration Load (0.1ms)[0m  [1mSELECT "schema_migrations".* FROM "schema_migrations"[0m
  [1m[35mActiveRecord::SchemaMigration Load (0.1ms)[0m  SELECT "schema_migrations".* FROM "schema_migrations"
  [1m[36mArticle Load (1.0ms)[0m  [1mSELECT "articles".* FROM "articles"[0m
  [1m[35mArticle Load (0.2ms)[0m  SELECT "articles".* FROM "articles"
  [1m[36mArticle Load (0.2ms)[0m  [1mSELECT "articles".* FROM "articles"[0m
  [1m[35mArticle Load (0.2ms)[0m  SELECT "articles".* FROM "articles"
  [1m[36mArticle Load (0.2ms)[0m  [1mSELECT "articles".* FROM "articles"[0m
  [1m[35m (0.2ms)[0m  begin transaction
  [1m[36mSQL (0.5ms)[0m  [1mINSERT INTO "articles" ("body", "created_at", "title", "updated_at") VALUES (?, ?, ?, ?)[0m  [["body", "This is the text for my article, woo hoo!"], ["created_at", "2014-05-03 23:56:36.798587"], ["title", "Sample Article Title"], ["updated_at", "2014-05-03 23:56:36.798587"]]
  [1m[35m (4.0ms)[0m  commit transaction
  [1m[36mArticle Load (0.2ms)[0m  [1mSELECT "articles".* FROM "articles"[0m
  [1m[35m (0.1ms)[0m  begin transaction
  [1m[36mSQL (0.3ms)[0m  [1mINSERT INTO "articles" ("body", "created_at", "title", "updated_at") VALUES (?, ?, ?, ?)[0m  [["body", "This shouldn't be a surprise but given the way they've played this year, it is!"], ["created_at", "2014-05-03 23:57:47.792896"], ["title", "Pacers advance to round 2"], ["updated_at", "2014-05-03 23:57:47.792896"]]
  [1m[35m (5.1ms)[0m  commit transaction
  [1m[36mArticle Load (0.2ms)[0m  [1mSELECT "articles".* FROM "articles"[0m
  [1m[35m (0.1ms)[0m  begin transaction
  [1m[36mSQL (0.4ms)[0m  [1mINSERT INTO "articles" ("body", "created_at", "title", "updated_at") VALUES (?, ?, ?, ?)[0m  [["body", "Hello, world! This is my post 3"], ["created_at", "2014-05-03 23:58:38.064549"], ["title", "Sup world!"], ["updated_at", "2014-05-03 23:58:38.064549"]]
  [1m[35m (3.2ms)[0m  commit transaction
  [1m[36m (0.1ms)[0m  [1mbegin transaction[0m
  [1m[35mSQL (0.3ms)[0m  INSERT INTO "articles" ("body", "created_at", "title", "updated_at") VALUES (?, ?, ?, ?)  [["body", "But that's okay"], ["created_at", "2014-05-04 00:03:21.801971"], ["title", "I can't think of anything witty"], ["updated_at", "2014-05-04 00:03:21.801971"]]
  [1m[36m (3.5ms)[0m  [1mcommit transaction[0m
  [1m[35mArticle Load (0.2ms)[0m  SELECT "articles".* FROM "articles"
